INFO: Seed: 3309896338
INFO: Loaded 1 modules   (237 inline 8-bit counters): 237 [0x5453a0, 0x54548d), 
INFO: Loaded 1 PC tables (237 PCs): 237 [0x51e1b8,0x51f088), 
./fuzzer_load_png: Running 1 inputs 1 time(s) each.
Running: crash-32ad13c1dbb3ba846b3c78f7876c16c005b82780
Executed crash-32ad13c1dbb3ba846b3c78f7876c16c005b82780 in 6 ms
***
*** NOTE: fuzzing was not performed, you have only
***       executed the target code on a fixed set of inputs.
***

=================================================================
==200==ERROR: LeakSanitizer: detected memory leaks

Direct leak of 20 byte(s) in 1 object(s) allocated from:
    #0 0x4caedd in malloc (/pwd/src/fuzzer_load_png+0x4caedd)
    #1 0x50094f in load_png /pwd/src/pngparser.c:604:66
    #2 0x4fa75d in LLVMFuzzerTestOneInput /pwd/src/fuzzer_load_png.c:15:3
    #3 0x43a711 in fuzzer::Fuzzer::ExecuteCallback(unsigned char const*, unsigned long) (/pwd/src/fuzzer_load_png+0x43a711)
    #4 0x42457c in fuzzer::RunOneTest(fuzzer::Fuzzer*, char const*, unsigned long) (/pwd/src/fuzzer_load_png+0x42457c)
    #5 0x42a241 in fuzzer::FuzzerDriver(int*, char***, int (*)(unsigned char const*, unsigned long)) (/pwd/src/fuzzer_load_png+0x42a241)
    #6 0x453092 in main (/pwd/src/fuzzer_load_png+0x453092)
    #7 0x7f89dcb161e2 in __libc_start_main /build/glibc-t7JzpG/glibc-2.30/csu/../csu/libc-start.c:308:16

Direct leak of 19 byte(s) in 2 object(s) allocated from:
    #0 0x4caedd in malloc (/pwd/src/fuzzer_load_png+0x4caedd)
    #1 0x4fbfe0 in read_png_chunk /pwd/src/pngparser.c:277:29
    #2 0x50007e in load_png /pwd/src/pngparser.c:604:12
    #3 0x4fa75d in LLVMFuzzerTestOneInput /pwd/src/fuzzer_load_png.c:15:3
    #4 0x43a711 in fuzzer::Fuzzer::ExecuteCallback(unsigned char const*, unsigned long) (/pwd/src/fuzzer_load_png+0x43a711)
    #5 0x42457c in fuzzer::RunOneTest(fuzzer::Fuzzer*, char const*, unsigned long) (/pwd/src/fuzzer_load_png+0x42457c)
    #6 0x42a241 in fuzzer::FuzzerDriver(int*, char***, int (*)(unsigned char const*, unsigned long)) (/pwd/src/fuzzer_load_png+0x42a241)
    #7 0x453092 in main (/pwd/src/fuzzer_load_png+0x453092)
    #8 0x7f89dcb161e2 in __libc_start_main /build/glibc-t7JzpG/glibc-2.30/csu/../csu/libc-start.c:308:16

SUMMARY: AddressSanitizer: 39 byte(s) leaked in 3 allocation(s).
